07/08/2011 22:33:13 (Std) 	+-+-+-+-+-+-+-+-+-+-+-+-+-+-+-+-+-+-+-+-+-+-+-+-+-+-+-+-+-+-+-+-+-+-+-+-+-+-+-+
07/08/2011 22:33:13 (Std) 	+                     Crazy Eddie's GUI System - Event log                    +
07/08/2011 22:33:13 (Std) 	+                          (http://www.cegui.org.uk/)                         +
07/08/2011 22:33:13 (Std) 	+-+-+-+-+-+-+-+-+-+-+-+-+-+-+-+-+-+-+-+-+-+-+-+-+-+-+-+-+-+-+-+-+-+-+-+-+-+-+-+

07/08/2011 22:33:13 (Std) 	CEGUI::Logger singleton created. (055790E8)
07/08/2011 22:33:13 (Std) 	
07/08/2011 22:33:13 (Std) 	********************************************************************************
07/08/2011 22:33:13 (Std) 	* Important:                                                                   *
07/08/2011 22:33:13 (Std) 	*     To get support at the CEGUI forums, you must post _at least_ the section *
07/08/2011 22:33:13 (Std) 	*     of this log file indicated below.  Failure to do this will result in no  *
07/08/2011 22:33:13 (Std) 	*     support being given; please do not waste our time.                       *
07/08/2011 22:33:13 (Std) 	********************************************************************************
07/08/2011 22:33:13 (Std) 	********************************************************************************
07/08/2011 22:33:13 (Std) 	* -------- START OF ESSENTIAL SECTION TO BE POSTED ON THE FORUM       -------- *
07/08/2011 22:33:13 (Std) 	********************************************************************************
07/08/2011 22:33:13 (Std) 	---- Version 0.7.5 (Build: Nov 19 2010 Microsoft Windows MSVC++ 9.0 32 bit) ----
07/08/2011 22:33:13 (Std) 	---- Renderer module is: CEGUI::OpenGLRenderer - Official OpenGL based 2nd generation renderer module.  TextureTarget support enabled via FBO extension. ----
07/08/2011 22:33:13 (Std) 	---- XML Parser module is: CEGUI::ExpatParser - Official expat based parser module for CEGUI ----
07/08/2011 22:33:13 (Std) 	---- Image Codec module is: SILLYImageCodec - Official SILLY based image codec ----
07/08/2011 22:33:13 (Std) 	---- Scripting module is: None ----
07/08/2011 22:33:13 (Std) 	********************************************************************************
07/08/2011 22:33:13 (Std) 	* -------- END OF ESSENTIAL SECTION TO BE POSTED ON THE FORUM         -------- *
07/08/2011 22:33:13 (Std) 	********************************************************************************
07/08/2011 22:33:13 (Std) 	
07/08/2011 22:33:13 (Std) 	---- Begining CEGUI System initialisation ----
07/08/2011 22:33:13 (Std) 	CEGUI::ImagesetManager singleton created (054F2B30)
07/08/2011 22:33:13 (Std) 	CEGUI::FontManager singleton created. (054F2C20)
07/08/2011 22:33:13 (Std) 	CEGUI::WindowFactoryManager singleton created
07/08/2011 22:33:13 (Std) 	CEGUI::WindowManager singleton created (02286080)
07/08/2011 22:33:13 (Std) 	CEGUI::SchemeManager singleton created. (054F2D10)
07/08/2011 22:33:13 (Std) 	CEGUI::MouseCursor singleton created. (0546E970)
07/08/2011 22:33:13 (Std) 	CEGUI::GlobalEventSet singleton created. (054B6C28)
07/08/2011 22:33:13 (Std) 	CEGUI::AnimationManager singleton created (0546E9F0)
07/08/2011 22:33:13 (Std) 	CEGUI::WidgetLookManager singleton created. (054B3620)
07/08/2011 22:33:13 (Std) 	CEGUI::WindowRendererManager singleton created (054B3648)
07/08/2011 22:33:13 (Std) 	CEGUI::RenderEffectManager singleton created (054F1CD8)
07/08/2011 22:33:13 (Std) 	Created WindowFactory for 'DefaultWindow' windows.
07/08/2011 22:33:13 (Std) 	WindowFactory for 'DefaultWindow' windows added. (022E1F18)
07/08/2011 22:33:13 (Std) 	Created WindowFactory for 'DragContainer' windows.
07/08/2011 22:33:13 (Std) 	WindowFactory for 'DragContainer' windows added. (022E1FC0)
07/08/2011 22:33:13 (Std) 	Created WindowFactory for 'ScrolledContainer' windows.
07/08/2011 22:33:13 (Std) 	WindowFactory for 'ScrolledContainer' windows added. (022E2068)
07/08/2011 22:33:13 (Std) 	Created WindowFactory for 'ClippedContainer' windows.
07/08/2011 22:33:13 (Std) 	WindowFactory for 'ClippedContainer' windows added. (022E2110)
07/08/2011 22:33:13 (Std) 	Created WindowFactory for 'CEGUI/Checkbox' windows.
07/08/2011 22:33:13 (Std) 	WindowFactory for 'CEGUI/Checkbox' windows added. (022E21B8)
07/08/2011 22:33:13 (Std) 	Created WindowFactory for 'CEGUI/PushButton' windows.
07/08/2011 22:33:13 (Std) 	WindowFactory for 'CEGUI/PushButton' windows added. (022E2260)
07/08/2011 22:33:13 (Std) 	Created WindowFactory for 'CEGUI/RadioButton' windows.
07/08/2011 22:33:13 (Std) 	WindowFactory for 'CEGUI/RadioButton' windows added. (022E2308)
07/08/2011 22:33:13 (Std) 	Created WindowFactory for 'CEGUI/Combobox' windows.
07/08/2011 22:33:13 (Std) 	WindowFactory for 'CEGUI/Combobox' windows added. (022E23B0)
07/08/2011 22:33:13 (Std) 	Created WindowFactory for 'CEGUI/ComboDropList' windows.
07/08/2011 22:33:13 (Std) 	WindowFactory for 'CEGUI/ComboDropList' windows added. (022E2458)
07/08/2011 22:33:13 (Std) 	Created WindowFactory for 'CEGUI/Editbox' windows.
07/08/2011 22:33:13 (Std) 	WindowFactory for 'CEGUI/Editbox' windows added. (022E2500)
07/08/2011 22:33:13 (Std) 	Created WindowFactory for 'CEGUI/FrameWindow' windows.
07/08/2011 22:33:13 (Std) 	WindowFactory for 'CEGUI/FrameWindow' windows added. (022E25A8)
07/08/2011 22:33:13 (Std) 	Created WindowFactory for 'CEGUI/ItemEntry' windows.
07/08/2011 22:33:13 (Std) 	WindowFactory for 'CEGUI/ItemEntry' windows added. (022E2650)
07/08/2011 22:33:13 (Std) 	Created WindowFactory for 'CEGUI/Listbox' windows.
07/08/2011 22:33:13 (Std) 	WindowFactory for 'CEGUI/Listbox' windows added. (022E26F8)
07/08/2011 22:33:13 (Std) 	Created WindowFactory for 'CEGUI/ListHeader' windows.
07/08/2011 22:33:13 (Std) 	WindowFactory for 'CEGUI/ListHeader' windows added. (022E27A0)
07/08/2011 22:33:13 (Std) 	Created WindowFactory for 'CEGUI/ListHeaderSegment' windows.
07/08/2011 22:33:13 (Std) 	WindowFactory for 'CEGUI/ListHeaderSegment' windows added. (022E2848)
07/08/2011 22:33:13 (Std) 	Created WindowFactory for 'CEGUI/Menubar' windows.
07/08/2011 22:33:13 (Std) 	WindowFactory for 'CEGUI/Menubar' windows added. (022E28F0)
07/08/2011 22:33:13 (Std) 	Created WindowFactory for 'CEGUI/PopupMenu' windows.
07/08/2011 22:33:13 (Std) 	WindowFactory for 'CEGUI/PopupMenu' windows added. (022E2998)
07/08/2011 22:33:13 (Std) 	Created WindowFactory for 'CEGUI/MenuItem' windows.
07/08/2011 22:33:13 (Std) 	WindowFactory for 'CEGUI/MenuItem' windows added. (022E2A40)
07/08/2011 22:33:13 (Std) 	Created WindowFactory for 'CEGUI/MultiColumnList' windows.
07/08/2011 22:33:13 (Std) 	WindowFactory for 'CEGUI/MultiColumnList' windows added. (022E2AE8)
07/08/2011 22:33:13 (Std) 	Created WindowFactory for 'CEGUI/MultiLineEditbox' windows.
07/08/2011 22:33:13 (Std) 	WindowFactory for 'CEGUI/MultiLineEditbox' windows added. (022E2B90)
07/08/2011 22:33:13 (Std) 	Created WindowFactory for 'CEGUI/ProgressBar' windows.
07/08/2011 22:33:13 (Std) 	WindowFactory for 'CEGUI/ProgressBar' windows added. (022E2C38)
07/08/2011 22:33:13 (Std) 	Created WindowFactory for 'CEGUI/ScrollablePane' windows.
07/08/2011 22:33:13 (Std) 	WindowFactory for 'CEGUI/ScrollablePane' windows added. (022E2CE0)
07/08/2011 22:33:13 (Std) 	Created WindowFactory for 'CEGUI/Scrollbar' windows.
07/08/2011 22:33:13 (Std) 	WindowFactory for 'CEGUI/Scrollbar' windows added. (022E2D88)
07/08/2011 22:33:13 (Std) 	Created WindowFactory for 'CEGUI/Slider' windows.
07/08/2011 22:33:13 (Std) 	WindowFactory for 'CEGUI/Slider' windows added. (022E2E30)
07/08/2011 22:33:13 (Std) 	Created WindowFactory for 'CEGUI/Spinner' windows.
07/08/2011 22:33:13 (Std) 	WindowFactory for 'CEGUI/Spinner' windows added. (022E2ED8)
07/08/2011 22:33:13 (Std) 	Created WindowFactory for 'CEGUI/TabButton' windows.
07/08/2011 22:33:13 (Std) 	WindowFactory for 'CEGUI/TabButton' windows added. (022E2F80)
07/08/2011 22:33:13 (Std) 	Created WindowFactory for 'CEGUI/TabControl' windows.
07/08/2011 22:33:13 (Std) 	WindowFactory for 'CEGUI/TabControl' windows added. (022E3028)
07/08/2011 22:33:13 (Std) 	Created WindowFactory for 'CEGUI/Thumb' windows.
07/08/2011 22:33:13 (Std) 	WindowFactory for 'CEGUI/Thumb' windows added. (022E30D0)
07/08/2011 22:33:13 (Std) 	Created WindowFactory for 'CEGUI/Titlebar' windows.
07/08/2011 22:33:13 (Std) 	WindowFactory for 'CEGUI/Titlebar' windows added. (022E3178)
07/08/2011 22:33:13 (Std) 	Created WindowFactory for 'CEGUI/Tooltip' windows.
07/08/2011 22:33:13 (Std) 	WindowFactory for 'CEGUI/Tooltip' windows added. (022E3220)
07/08/2011 22:33:13 (Std) 	Created WindowFactory for 'CEGUI/ItemListbox' windows.
07/08/2011 22:33:13 (Std) 	WindowFactory for 'CEGUI/ItemListbox' windows added. (022E32C8)
07/08/2011 22:33:13 (Std) 	Created WindowFactory for 'CEGUI/GroupBox' windows.
07/08/2011 22:33:13 (Std) 	WindowFactory for 'CEGUI/GroupBox' windows added. (022E3370)
07/08/2011 22:33:13 (Std) 	Created WindowFactory for 'CEGUI/Tree' windows.
07/08/2011 22:33:13 (Std) 	WindowFactory for 'CEGUI/Tree' windows added. (022E3418)
07/08/2011 22:33:13 (Std) 	Created WindowFactory for 'HorizontalLayoutContainer' windows.
07/08/2011 22:33:13 (Std) 	WindowFactory for 'HorizontalLayoutContainer' windows added. (022E34C0)
07/08/2011 22:33:13 (Std) 	Created WindowFactory for 'VerticalLayoutContainer' windows.
07/08/2011 22:33:13 (Std) 	WindowFactory for 'VerticalLayoutContainer' windows added. (022E3568)
07/08/2011 22:33:13 (Std) 	Created WindowFactory for 'GridLayoutContainer' windows.
07/08/2011 22:33:13 (Std) 	WindowFactory for 'GridLayoutContainer' windows added. (022E3610)
07/08/2011 22:33:13 (Std) 	Window type alias named 'DefaultGUISheet' added for window type 'DefaultWindow'.
07/08/2011 22:33:13 (Std) 	CEGUI::System singleton created. (051E1EE8)
07/08/2011 22:33:13 (Std) 	---- CEGUI System initialisation completed ----
07/08/2011 22:33:13 (Std) 	
07/08/2011 22:33:13 (Std) 	Started creation of Scheme from XML specification:
07/08/2011 22:33:13 (Std) 	---- CEGUI GUIScheme name: VanillaSkin
07/08/2011 22:33:13 (Std) 	Started creation of Imageset from XML specification:
07/08/2011 22:33:13 (Std) 	---- CEGUI Imageset name: Vanilla-Images
07/08/2011 22:33:13 (Std) 	---- Source texture file: vanilla.tga in resource group: (Default)
07/08/2011 22:33:13 (Std) 	===== Falagard 'root' element: look and feel parsing begins =====
07/08/2011 22:33:13 (Std) 	===== Look and feel parsing completed =====
07/08/2011 22:33:13 (Std) 	No window renderer factories specified for module 'CEGUIFalagardWRBase' - adding all available factories...
07/08/2011 22:33:13 (Std) 	Created WindowRendererFactory for 'Falagard/Button' WindowRenderers.
07/08/2011 22:33:13 (Std) 	WindowRendererFactory 'Falagard/Button' added. (0571CE38)
07/08/2011 22:33:13 (Std) 	Created WindowRendererFactory for 'Falagard/Default' WindowRenderers.
07/08/2011 22:33:13 (Std) 	WindowRendererFactory 'Falagard/Default' added. (0571D228)
07/08/2011 22:33:13 (Std) 	Created WindowRendererFactory for 'Falagard/Editbox' WindowRenderers.
07/08/2011 22:33:13 (Std) 	WindowRendererFactory 'Falagard/Editbox' added. (0571D2D0)
07/08/2011 22:33:13 (Std) 	Created WindowRendererFactory for 'Falagard/FrameWindow' WindowRenderers.
07/08/2011 22:33:13 (Std) 	WindowRendererFactory 'Falagard/FrameWindow' added. (0571D378)
07/08/2011 22:33:13 (Std) 	Created WindowRendererFactory for 'Falagard/ItemEntry' WindowRenderers.
07/08/2011 22:33:13 (Std) 	WindowRendererFactory 'Falagard/ItemEntry' added. (0571D420)
07/08/2011 22:33:13 (Std) 	Created WindowRendererFactory for 'Falagard/ListHeader' WindowRenderers.
07/08/2011 22:33:13 (Std) 	WindowRendererFactory 'Falagard/ListHeader' added. (0571D4C8)
07/08/2011 22:33:13 (Std) 	Created WindowRendererFactory for 'Falagard/ListHeaderSegment' WindowRenderers.
07/08/2011 22:33:13 (Std) 	WindowRendererFactory 'Falagard/ListHeaderSegment' added. (0571D570)
07/08/2011 22:33:13 (Std) 	Created WindowRendererFactory for 'Falagard/Listbox' WindowRenderers.
07/08/2011 22:33:13 (Std) 	WindowRendererFactory 'Falagard/Listbox' added. (0571D618)
07/08/2011 22:33:13 (Std) 	Created WindowRendererFactory for 'Falagard/Menubar' WindowRenderers.
07/08/2011 22:33:13 (Std) 	WindowRendererFactory 'Falagard/Menubar' added. (0571D6C0)
07/08/2011 22:33:13 (Std) 	Created WindowRendererFactory for 'Falagard/MenuItem' WindowRenderers.
07/08/2011 22:33:13 (Std) 	WindowRendererFactory 'Falagard/MenuItem' added. (0571D768)
07/08/2011 22:33:13 (Std) 	Created WindowRendererFactory for 'Falagard/MultiColumnList' WindowRenderers.
07/08/2011 22:33:13 (Std) 	WindowRendererFactory 'Falagard/MultiColumnList' added. (0571D810)
07/08/2011 22:33:13 (Std) 	Created WindowRendererFactory for 'Falagard/MultiLineEditbox' WindowRenderers.
07/08/2011 22:33:13 (Std) 	WindowRendererFactory 'Falagard/MultiLineEditbox' added. (0571D8B8)
07/08/2011 22:33:13 (Std) 	Created WindowRendererFactory for 'Falagard/PopupMenu' WindowRenderers.
07/08/2011 22:33:13 (Std) 	WindowRendererFactory 'Falagard/PopupMenu' added. (0571D960)
07/08/2011 22:33:13 (Std) 	Created WindowRendererFactory for 'Falagard/ProgressBar' WindowRenderers.
07/08/2011 22:33:13 (Std) 	WindowRendererFactory 'Falagard/ProgressBar' added. (0571DA08)
07/08/2011 22:33:13 (Std) 	Created WindowRendererFactory for 'Falagard/ScrollablePane' WindowRenderers.
07/08/2011 22:33:13 (Std) 	WindowRendererFactory 'Falagard/ScrollablePane' added. (0571DAB0)
07/08/2011 22:33:13 (Std) 	Created WindowRendererFactory for 'Falagard/Scrollbar' WindowRenderers.
07/08/2011 22:33:13 (Std) 	WindowRendererFactory 'Falagard/Scrollbar' added. (0571DB58)
07/08/2011 22:33:13 (Std) 	Created WindowRendererFactory for 'Falagard/Slider' WindowRenderers.
07/08/2011 22:33:13 (Std) 	WindowRendererFactory 'Falagard/Slider' added. (0571DC00)
07/08/2011 22:33:13 (Std) 	Created WindowRendererFactory for 'Falagard/Static' WindowRenderers.
07/08/2011 22:33:13 (Std) 	WindowRendererFactory 'Falagard/Static' added. (0571DCA8)
07/08/2011 22:33:13 (Std) 	Created WindowRendererFactory for 'Falagard/StaticImage' WindowRenderers.
07/08/2011 22:33:13 (Std) 	WindowRendererFactory 'Falagard/StaticImage' added. (0571DD50)
07/08/2011 22:33:13 (Std) 	Created WindowRendererFactory for 'Falagard/StaticText' WindowRenderers.
07/08/2011 22:33:13 (Std) 	WindowRendererFactory 'Falagard/StaticText' added. (0571DDF8)
07/08/2011 22:33:13 (Std) 	Created WindowRendererFactory for 'Falagard/SystemButton' WindowRenderers.
07/08/2011 22:33:13 (Std) 	WindowRendererFactory 'Falagard/SystemButton' added. (0571DEA0)
07/08/2011 22:33:13 (Std) 	Created WindowRendererFactory for 'Falagard/TabButton' WindowRenderers.
07/08/2011 22:33:13 (Std) 	WindowRendererFactory 'Falagard/TabButton' added. (0571DF48)
07/08/2011 22:33:13 (Std) 	Created WindowRendererFactory for 'Falagard/TabControl' WindowRenderers.
07/08/2011 22:33:13 (Std) 	WindowRendererFactory 'Falagard/TabControl' added. (0571DFF0)
07/08/2011 22:33:13 (Std) 	Created WindowRendererFactory for 'Falagard/Titlebar' WindowRenderers.
07/08/2011 22:33:13 (Std) 	WindowRendererFactory 'Falagard/Titlebar' added. (0571E098)
07/08/2011 22:33:13 (Std) 	Created WindowRendererFactory for 'Falagard/ToggleButton' WindowRenderers.
07/08/2011 22:33:13 (Std) 	WindowRendererFactory 'Falagard/ToggleButton' added. (0571E140)
07/08/2011 22:33:13 (Std) 	Created WindowRendererFactory for 'Falagard/Tooltip' WindowRenderers.
07/08/2011 22:33:13 (Std) 	WindowRendererFactory 'Falagard/Tooltip' added. (0571E1E8)
07/08/2011 22:33:13 (Std) 	Created WindowRendererFactory for 'Falagard/ItemListbox' WindowRenderers.
07/08/2011 22:33:13 (Std) 	WindowRendererFactory 'Falagard/ItemListbox' added. (0571E290)
07/08/2011 22:33:13 (Std) 	Created WindowRendererFactory for 'Falagard/Tree' WindowRenderers.
07/08/2011 22:33:13 (Std) 	WindowRendererFactory 'Falagard/Tree' added. (0571E338)
07/08/2011 22:33:13 (Std) 	Creating falagard mapping for type 'Vanilla/Titlebar' using base type 'CEGUI/Titlebar', window renderer 'Falagard/Titlebar' Look'N'Feel 'Vanilla/Titlebar' and RenderEffect ''. (0027D4C8)
07/08/2011 22:33:13 (Std) 	Creating falagard mapping for type 'Vanilla/Button' using base type 'CEGUI/PushButton', window renderer 'Falagard/Button' Look'N'Feel 'Vanilla/Button' and RenderEffect ''. (0027D4C8)
07/08/2011 22:33:13 (Std) 	Creating falagard mapping for type 'Vanilla/FrameWindow' using base type 'CEGUI/FrameWindow', window renderer 'Falagard/FrameWindow' Look'N'Feel 'Vanilla/FrameWindow' and RenderEffect ''. (0027D4C8)
07/08/2011 22:33:13 (Std) 	Creating falagard mapping for type 'Vanilla/Editbox' using base type 'CEGUI/Editbox', window renderer 'Falagard/Editbox' Look'N'Feel 'Vanilla/Editbox' and RenderEffect ''. (0027D4C8)
07/08/2011 22:33:13 (Std) 	Creating falagard mapping for type 'Vanilla/VerticalScrollbarThumb' using base type 'CEGUI/Thumb', window renderer 'Falagard/Button' Look'N'Feel 'Vanilla/VerticalScrollbarThumb' and RenderEffect ''. (0027D4C8)
07/08/2011 22:33:13 (Std) 	Creating falagard mapping for type 'Vanilla/VerticalScrollbar' using base type 'CEGUI/Scrollbar', window renderer 'Falagard/Scrollbar' Look'N'Feel 'Vanilla/VerticalScrollbar' and RenderEffect ''. (0027D4C8)
07/08/2011 22:33:13 (Std) 	Creating falagard mapping for type 'Vanilla/HorizontalScrollbarThumb' using base type 'CEGUI/Thumb', window renderer 'Falagard/Button' Look'N'Feel 'Vanilla/HorizontalScrollbarThumb' and RenderEffect ''. (0027D4C8)
07/08/2011 22:33:13 (Std) 	Creating falagard mapping for type 'Vanilla/HorizontalScrollbar' using base type 'CEGUI/Scrollbar', window renderer 'Falagard/Scrollbar' Look'N'Feel 'Vanilla/HorizontalScrollbar' and RenderEffect ''. (0027D4C8)
07/08/2011 22:33:13 (Std) 	Creating falagard mapping for type 'Vanilla/StaticImage' using base type 'DefaultWindow', window renderer 'Falagard/StaticImage' Look'N'Feel 'Vanilla/StaticImage' and RenderEffect ''. (0027D4C8)
07/08/2011 22:33:13 (Std) 	Creating falagard mapping for type 'Vanilla/StaticText' using base type 'DefaultWindow', window renderer 'Falagard/StaticText' Look'N'Feel 'Vanilla/StaticText' and RenderEffect ''. (0027D4C8)
07/08/2011 22:33:13 (Std) 	Creating falagard mapping for type 'Vanilla/Listbox' using base type 'CEGUI/Listbox', window renderer 'Falagard/Listbox' Look'N'Feel 'Vanilla/Listbox' and RenderEffect ''. (0027D4C8)
07/08/2011 22:33:13 (Std) 	Creating falagard mapping for type 'Vanilla/MultiLineEditbox' using base type 'CEGUI/MultiLineEditbox', window renderer 'Falagard/MultiLineEditbox' Look'N'Feel 'Vanilla/MultiLineEditbox' and RenderEffect ''. (0027D4C8)
07/08/2011 22:33:13 (Std) 	Creating falagard mapping for type 'Vanilla/ComboDropList' using base type 'CEGUI/ComboDropList', window renderer 'Falagard/Listbox' Look'N'Feel 'Vanilla/ComboDropList' and RenderEffect ''. (0027D4C8)
07/08/2011 22:33:13 (Std) 	Creating falagard mapping for type 'Vanilla/Combobox' using base type 'CEGUI/Combobox', window renderer 'Falagard/Default' Look'N'Feel 'Vanilla/Combobox' and RenderEffect ''. (0027D4C8)
07/08/2011 22:33:13 (Std) 	Creating falagard mapping for type 'Vanilla/ProgressBar' using base type 'CEGUI/ProgressBar', window renderer 'Falagard/ProgressBar' Look'N'Feel 'Vanilla/ProgressBar' and RenderEffect ''. (0027D4C8)
07/08/2011 22:33:13 (Std) 	Started creation of Scheme from XML specification:
07/08/2011 22:33:13 (Std) 	---- CEGUI GUIScheme name: TaharezLook
07/08/2011 22:33:13 (Std) 	Started creation of Imageset from XML specification:
07/08/2011 22:33:13 (Std) 	---- CEGUI Imageset name: TaharezLook
07/08/2011 22:33:13 (Std) 	---- Source texture file: TaharezLook.tga in resource group: (Default)
07/08/2011 22:33:13 (Std) 	Started creation of Font from XML specification:
07/08/2011 22:33:13 (Std) 	---- CEGUI font name: DejaVuSans-10
07/08/2011 22:33:13 (Std) 	----       Font type: FreeType
07/08/2011 22:33:13 (Std) 	----     Source file: DejaVuSans.ttf in resource group: (Default)
07/08/2011 22:33:13 (Std) 	---- Real point size: 10
07/08/2011 22:33:13 (Std) 	===== Falagard 'root' element: look and feel parsing begins =====
07/08/2011 22:33:13 (Std) 	===== Look and feel parsing completed =====
07/08/2011 22:33:13 (Std) 	No window renderer factories specified for module 'CEGUIFalagardWRBase' - adding all available factories...
07/08/2011 22:33:13 (Std) 	Creating falagard mapping for type 'TaharezLook/Button' using base type 'CEGUI/PushButton', window renderer 'Falagard/Button' Look'N'Feel 'TaharezLook/Button' and RenderEffect ''. (0027D4C8)
07/08/2011 22:33:13 (Std) 	Creating falagard mapping for type 'TaharezLook/Checkbox' using base type 'CEGUI/Checkbox', window renderer 'Falagard/ToggleButton' Look'N'Feel 'TaharezLook/Checkbox' and RenderEffect ''. (0027D4C8)
07/08/2011 22:33:13 (Std) 	Creating falagard mapping for type 'TaharezLook/ImageButton' using base type 'CEGUI/PushButton', window renderer 'Falagard/Button' Look'N'Feel 'TaharezLook/ImageButton' and RenderEffect ''. (0027D4C8)
07/08/2011 22:33:13 (Std) 	Creating falagard mapping for type 'TaharezLook/RadioButton' using base type 'CEGUI/RadioButton', window renderer 'Falagard/ToggleButton' Look'N'Feel 'TaharezLook/RadioButton' and RenderEffect ''. (0027D4C8)
07/08/2011 22:33:13 (Std) 	Creating falagard mapping for type 'TaharezLook/FrameWindow' using base type 'CEGUI/FrameWindow', window renderer 'Falagard/FrameWindow' Look'N'Feel 'TaharezLook/FrameWindow' and RenderEffect ''. (0027D4C8)
07/08/2011 22:33:13 (Std) 	Creating falagard mapping for type 'TaharezLook/Titlebar' using base type 'CEGUI/Titlebar', window renderer 'Falagard/Titlebar' Look'N'Feel 'TaharezLook/Titlebar' and RenderEffect ''. (0027D4C8)
07/08/2011 22:33:13 (Std) 	Creating falagard mapping for type 'TaharezLook/SystemButton' using base type 'CEGUI/PushButton', window renderer 'Falagard/Button' Look'N'Feel 'TaharezLook/Button' and RenderEffect ''. (0027D4C8)
07/08/2011 22:33:13 (Std) 	Creating falagard mapping for type 'TaharezLook/Editbox' using base type 'CEGUI/Editbox', window renderer 'Falagard/Editbox' Look'N'Feel 'TaharezLook/Editbox' and RenderEffect ''. (0027D4C8)
07/08/2011 22:33:13 (Std) 	Creating falagard mapping for type 'TaharezLook/MultiLineEditbox' using base type 'CEGUI/MultiLineEditbox', window renderer 'Falagard/MultiLineEditbox' Look'N'Feel 'TaharezLook/MultiLineEditbox' and RenderEffect ''. (0027D4C8)
07/08/2011 22:33:13 (Std) 	Creating falagard mapping for type 'TaharezLook/Menubar' using base type 'CEGUI/Menubar', window renderer 'Falagard/Menubar' Look'N'Feel 'TaharezLook/Menubar' and RenderEffect ''. (0027D4C8)
07/08/2011 22:33:13 (Std) 	Creating falagard mapping for type 'TaharezLook/PopupMenu' using base type 'CEGUI/PopupMenu', window renderer 'Falagard/PopupMenu' Look'N'Feel 'TaharezLook/PopupMenu' and RenderEffect ''. (0027D4C8)
07/08/2011 22:33:13 (Std) 	Creating falagard mapping for type 'TaharezLook/MenuItem' using base type 'CEGUI/MenuItem', window renderer 'Falagard/MenuItem' Look'N'Feel 'TaharezLook/MenuItem' and RenderEffect ''. (0027D4C8)
07/08/2011 22:33:13 (Std) 	Creating falagard mapping for type 'TaharezLook/AlternateProgressBar' using base type 'CEGUI/ProgressBar', window renderer 'Falagard/ProgressBar' Look'N'Feel 'TaharezLook/AltProgressBar' and RenderEffect ''. (0027D4C8)
07/08/2011 22:33:13 (Std) 	Creating falagard mapping for type 'TaharezLook/ProgressBar' using base type 'CEGUI/ProgressBar', window renderer 'Falagard/ProgressBar' Look'N'Feel 'TaharezLook/ProgressBar' and RenderEffect ''. (0027D4C8)
07/08/2011 22:33:13 (Std) 	Creating falagard mapping for type 'TaharezLook/VUMeter' using base type 'CEGUI/ProgressBar', window renderer 'Falagard/ProgressBar' Look'N'Feel 'TaharezLook/VUMeter' and RenderEffect ''. (0027D4C8)
07/08/2011 22:33:13 (Std) 	Creating falagard mapping for type 'TaharezLook/VerticalScrollbar' using base type 'CEGUI/Scrollbar', window renderer 'Falagard/Scrollbar' Look'N'Feel 'TaharezLook/VerticalScrollbar' and RenderEffect ''. (0027D4C8)
07/08/2011 22:33:13 (Std) 	Creating falagard mapping for type 'TaharezLook/HorizontalScrollbar' using base type 'CEGUI/Scrollbar', window renderer 'Falagard/Scrollbar' Look'N'Feel 'TaharezLook/HorizontalScrollbar' and RenderEffect ''. (0027D4C8)
07/08/2011 22:33:13 (Std) 	Creating falagard mapping for type 'TaharezLook/VerticalScrollbarThumb' using base type 'CEGUI/Thumb', window renderer 'Falagard/Button' Look'N'Feel 'TaharezLook/VerticalScrollbarThumb' and RenderEffect ''. (0027D4C8)
07/08/2011 22:33:13 (Std) 	Creating falagard mapping for type 'TaharezLook/HorizontalScrollbarThumb' using base type 'CEGUI/Thumb', window renderer 'Falagard/Button' Look'N'Feel 'TaharezLook/HorizontalScrollbarThumb' and RenderEffect ''. (0027D4C8)
07/08/2011 22:33:13 (Std) 	Creating falagard mapping for type 'TaharezLook/LargeVerticalScrollbar' using base type 'CEGUI/Scrollbar', window renderer 'Falagard/Scrollbar' Look'N'Feel 'TaharezLook/LargeVerticalScrollbar' and RenderEffect ''. (0027D4C8)
07/08/2011 22:33:13 (Std) 	Creating falagard mapping for type 'TaharezLook/LargeVerticalScrollbarThumb' using base type 'CEGUI/Thumb', window renderer 'Falagard/Button' Look'N'Feel 'TaharezLook/LargeVerticalScrollbarThumb' and RenderEffect ''. (0027D4C8)
07/08/2011 22:33:13 (Std) 	Creating falagard mapping for type 'TaharezLook/TabButton' using base type 'CEGUI/TabButton', window renderer 'Falagard/TabButton' Look'N'Feel 'TaharezLook/TabButton' and RenderEffect ''. (0027D4C8)
07/08/2011 22:33:13 (Std) 	Creating falagard mapping for type 'TaharezLook/TabControl' using base type 'CEGUI/TabControl', window renderer 'Falagard/TabControl' Look'N'Feel 'TaharezLook/TabControl' and RenderEffect ''. (0027D4C8)
07/08/2011 22:33:13 (Std) 	Creating falagard mapping for type 'TaharezLook/TabContentPane' using base type 'DefaultWindow', window renderer 'Falagard/Default' Look'N'Feel 'TaharezLook/TabContentPane' and RenderEffect ''. (0027D4C8)
07/08/2011 22:33:13 (Std) 	Creating falagard mapping for type 'TaharezLook/TabButtonPane' using base type 'DefaultWindow', window renderer 'Falagard/Default' Look'N'Feel 'TaharezLook/TabButtonPane' and RenderEffect ''. (0027D4C8)
07/08/2011 22:33:13 (Std) 	Creating falagard mapping for type 'TaharezLook/ComboDropList' using base type 'CEGUI/ComboDropList', window renderer 'Falagard/Listbox' Look'N'Feel 'TaharezLook/ComboDropList' and RenderEffect ''. (0027D4C8)
07/08/2011 22:33:13 (Std) 	Creating falagard mapping for type 'TaharezLook/ComboEditbox' using base type 'CEGUI/Editbox', window renderer 'Falagard/Editbox' Look'N'Feel 'TaharezLook/ComboEditbox' and RenderEffect ''. (0027D4C8)
07/08/2011 22:33:13 (Std) 	Creating falagard mapping for type 'TaharezLook/Combobox' using base type 'CEGUI/Combobox', window renderer 'Falagard/Default' Look'N'Feel 'TaharezLook/Combobox' and RenderEffect ''. (0027D4C8)
07/08/2011 22:33:13 (Std) 	Creating falagard mapping for type 'TaharezLook/Listbox' using base type 'CEGUI/Listbox', window renderer 'Falagard/Listbox' Look'N'Feel 'TaharezLook/Listbox' and RenderEffect ''. (0027D4C8)
07/08/2011 22:33:13 (Std) 	Creating falagard mapping for type 'TaharezLook/ListHeader' using base type 'CEGUI/ListHeader', window renderer 'Falagard/ListHeader' Look'N'Feel 'TaharezLook/ListHeader' and RenderEffect ''. (0027D4C8)
07/08/2011 22:33:13 (Std) 	Creating falagard mapping for type 'TaharezLook/ListHeaderSegment' using base type 'CEGUI/ListHeaderSegment', window renderer 'Falagard/ListHeaderSegment' Look'N'Feel 'TaharezLook/ListHeaderSegment' and RenderEffect ''. (0027D4C8)
07/08/2011 22:33:13 (Std) 	Creating falagard mapping for type 'TaharezLook/MultiColumnList' using base type 'CEGUI/MultiColumnList', window renderer 'Falagard/MultiColumnList' Look'N'Feel 'TaharezLook/MultiColumnList' and RenderEffect ''. (0027D4C8)
07/08/2011 22:33:13 (Std) 	Creating falagard mapping for type 'TaharezLook/Slider' using base type 'CEGUI/Slider', window renderer 'Falagard/Slider' Look'N'Feel 'TaharezLook/Slider' and RenderEffect ''. (0027D4C8)
07/08/2011 22:33:13 (Std) 	Creating falagard mapping for type 'TaharezLook/SliderThumb' using base type 'CEGUI/Thumb', window renderer 'Falagard/Button' Look'N'Feel 'TaharezLook/SliderThumb' and RenderEffect ''. (0027D4C8)
07/08/2011 22:33:13 (Std) 	Creating falagard mapping for type 'TaharezLook/ScrollablePane' using base type 'CEGUI/ScrollablePane', window renderer 'Falagard/ScrollablePane' Look'N'Feel 'TaharezLook/ScrollablePane' and RenderEffect ''. (0027D4C8)
07/08/2011 22:33:13 (Std) 	Creating falagard mapping for type 'TaharezLook/Spinner' using base type 'CEGUI/Spinner', window renderer 'Falagard/Default' Look'N'Feel 'TaharezLook/Spinner' and RenderEffect ''. (0027D4C8)
07/08/2011 22:33:13 (Std) 	Creating falagard mapping for type 'TaharezLook/Tooltip' using base type 'CEGUI/Tooltip', window renderer 'Falagard/Tooltip' Look'N'Feel 'TaharezLook/Tooltip' and RenderEffect ''. (0027D4C8)
07/08/2011 22:33:13 (Std) 	Creating falagard mapping for type 'TaharezLook/StaticImage' using base type 'DefaultWindow', window renderer 'Falagard/StaticImage' Look'N'Feel 'TaharezLook/StaticImage' and RenderEffect ''. (0027D4C8)
07/08/2011 22:33:13 (Std) 	Creating falagard mapping for type 'TaharezLook/StaticText' using base type 'DefaultWindow', window renderer 'Falagard/StaticText' Look'N'Feel 'TaharezLook/StaticText' and RenderEffect ''. (0027D4C8)
07/08/2011 22:33:13 (Std) 	Creating falagard mapping for type 'TaharezLook/ItemListbox' using base type 'CEGUI/ItemListbox', window renderer 'Falagard/ItemListbox' Look'N'Feel 'TaharezLook/ItemListbox' and RenderEffect ''. (0027D4C8)
07/08/2011 22:33:13 (Std) 	Creating falagard mapping for type 'TaharezLook/ListboxItem' using base type 'CEGUI/ItemEntry', window renderer 'Falagard/ItemEntry' Look'N'Feel 'TaharezLook/ListboxItem' and RenderEffect ''. (0027D4C8)
07/08/2011 22:33:13 (Std) 	Creating falagard mapping for type 'TaharezLook/GroupBox' using base type 'CEGUI/GroupBox', window renderer 'Falagard/Default' Look'N'Feel 'TaharezLook/GroupBox' and RenderEffect ''. (0027D4C8)
07/08/2011 22:33:13 (Std) 	Creating falagard mapping for type 'TaharezLook/Tree' using base type 'CEGUI/Tree', window renderer 'Falagard/Tree' Look'N'Feel 'TaharezLook/Tree' and RenderEffect ''. (0027D4C8)
07/08/2011 22:33:13 (Error)	CEGUI::UnknownObjectException in file c:\cegui-0.7.5\cegui\include\CEGUINamedXMLResourceManager.h(279) : NamedXMLResourceManager::get: No object of type 'Imageset' named 'Backdrop-Images' is present in the collection.
07/08/2011 22:33:13 (Std) 	Attempting to create Imageset 'DejaVuSans-10_auto_glyph_images_ ' with texture only.
07/08/2011 22:33:13 (Error)	CEGUI::UnknownObjectException in file ..\..\..\cegui\src\CEGUIPropertySet.cpp(124) : There is no Property named 'WindowPosition' available in the set.
07/08/2011 22:33:13 (Std) 	---- Successfully completed loading of GUI layout from 'VanillaWindows.layout' ----
07/08/2011 22:33:14 (Std) 	Display resize: w=800 h=600
07/08/2011 22:33:14 (Std) 	Attempting to create Imageset 'DejaVuSans-10_auto_glyph_images_ ' with texture only.
07/08/2011 22:33:15 (Std) 	Display resize: w=800 h=600
07/08/2011 22:33:15 (Std) 	Display resize: w=800 h=600
